access-switch3# show run
Building configuration...
version 10.001.006.T1
!
no service password-encryption
!
!
!
!
!
hostname access-switch3
!
!
username admin privilege 4 password admin123
!
!
ip ssh server enable
!
vlan database
 vlan 10-14,20-22
!

interface eth-0-1
 switchport access vlan 13
!
interface eth-0-2
 switchport access vlan 13
!
interface eth-0-3
 switchport access vlan 13
!
interface eth-0-4
 switchport access vlan 13
!
interface eth-0-5
 switchport access vlan 13
!
interface eth-0-6
 switchport access vlan 13
!
interface eth-0-7
 switchport access vlan 13
!
interface eth-0-8
 switchport access vlan 13
!
interface eth-0-9
 switchport access vlan 13
!
interface eth-0-10
 switchport access vlan 13
!
interface eth-0-11
 switchport access vlan 13
!
interface eth-0-12
 switchport access vlan 13
!
interface eth-0-13
 switchport access vlan 13
!
interface eth-0-14
 switchport access vlan 13
!
interface eth-0-15
 switchport access vlan 13
!
interface eth-0-16
 switchport access vlan 13
!
interface eth-0-17
 switchport access vlan 13
!
interface eth-0-18
 switchport access vlan 13
!
interface eth-0-19
 switchport access vlan 13
!
interface eth-0-20
 switchport access vlan 13
!
interface eth-0-21
 switchport access vlan 13
!
interface eth-0-22
 switchport access vlan 13
!
interface eth-0-23
 switchport access vlan 13
!
interface eth-0-24
 switchport access vlan 13
!
interface eth-0-25
 switchport access vlan 13
!
interface eth-0-26
 switchport access vlan 13
!
interface eth-0-27
 switchport access vlan 13
!
interface eth-0-28
 switchport access vlan 13
!
interface eth-0-29
 switchport access vlan 13
!
interface eth-0-30
 switchport access vlan 13
!
interface eth-0-31
 switchport access vlan 13
!
interface eth-0-32
 switchport access vlan 13
!
interface eth-0-33
 switchport access vlan 13
!
interface eth-0-34
 switchport access vlan 13
!
interface eth-0-35
 switchport access vlan 13
!
interface eth-0-36
 switchport access vlan 13
!
interface eth-0-37
 switchport access vlan 13
!
interface eth-0-38
 switchport access vlan 13
!
interface eth-0-39
 switchport access vlan 13
!
interface eth-0-40
 switchport access vlan 13
!
interface eth-0-41
 switchport access vlan 13
!
interface eth-0-42
 switchport access vlan 13
!
interface eth-0-43
 switchport access vlan 13
!
interface eth-0-44
 switchport access vlan 13
!
interface eth-0-45
 switchport access vlan 13
!
interface eth-0-46
 switchport access vlan 13
!
interface eth-0-47
 switchport access vlan 14
!
interface eth-0-48
 switchport access vlan 14
!
interface eth-0-49
 switchport mode trunk
 switchport trunk allowed vlan all
!
interface eth-0-50
 switchport mode trunk
 switchport trunk allowed vlan all
!
interface eth-0-51
 switchport mode trunk
 switchport trunk allowed vlan all
!
interface eth-0-52
 switchport mode trunk
 switchport trunk allowed vlan all
!
interface vlan1
 ip address 172.16.1.4/24
!
ip route 0.0.0.0/0 172.16.1.1
!
line con 0
 no line-password
 no login
line vty 0 7
 exec-timeout 5 0
 privilege level 4
 no line-password
 login local
!
!
end

access-switch3#    wr
Building configuration...
[OK]
access-switch3# exi
