poe-switch#show run

 Being processed.This may take a few minutes,please wait......

 System current configuration:
!command in view_mode
!
!command in config_mode first-step
create vlan 254 active
!
!command in poe_schedule_mode
!
!command in qos mapping mode
!
!command in sred mode
!
!command in vrf_mode
!
!command in acl-ipv4-basic mode
!
!command in acl-ipv4-advanced mode
!
!command in acl-mac mode
!
!command in acl-map mode
!
!command in acl-ipv6 mode
!
!command in acl-advanced mode
!
!command in filter-vlanlist mode
!
!command in traffic policer mode
!
!command in cmap_mode
!
!command in pmap_mode
!
!command in bandwidth profile mode
!
!command in hcos_mode
!
!command in hvlan_mode
!
!command in enable_mode
user name admin password cipher $@!!134523d3b3635d4a9367fcb1fa9484d8 confirm
user name admin1 password cipher $@!!134523d3b3635d4a9367fcb1fa9484d8 confirm
hostname poe-switch
!
!command in region_mode
!
!command in ip igmp profile mode
!
!command in mld profile mode
!
!command in outband_mode
!
interface fastethernet 1/0/1
ip address 192.168.0.1 255.255.255.0
!
!command in NULL_mode
!
!command in l2cp profile mode
!
!command in aggregation_mode
!
!command in vlan configuration mode
!
!command in tunnel interface mode
!
!command in port_mode
!
interface gigaethernet 1/1/1
switchport trunk native vlan 254
switchport mode trunk
!
interface gigaethernet 1/1/2
switchport trunk native vlan 254
switchport mode trunk
!
interface gigaethernet 1/1/3
switchport trunk native vlan 254
switchport mode trunk
!
interface gigaethernet 1/1/4
switchport trunk native vlan 254
switchport mode trunk
!
interface gigaethernet 1/1/5
switchport trunk native vlan 254
switchport mode trunk
!
interface gigaethernet 1/1/6
switchport trunk native vlan 254
switchport mode trunk
!         
interface gigaethernet 1/1/7
switchport trunk native vlan 254
switchport mode trunk
!
interface gigaethernet 1/1/8
switchport trunk native vlan 254
switchport mode trunk
!
interface gigaethernet 1/1/9
switchport trunk native vlan 254
switchport mode trunk
!
interface gigaethernet 1/1/10
switchport trunk native vlan 254
switchport mode trunk
!
interface gigaethernet 1/1/11
switchport trunk native vlan 254
switchport mode trunk
!
interface gigaethernet 1/1/12
switchport trunk native vlan 254
switchport mode trunk
!
interface gigaethernet 1/1/13
switchport trunk native vlan 254
switchport mode trunk
!
interface gigaethernet 1/1/14
switchport trunk native vlan 254
switchport mode trunk
!
interface gigaethernet 1/1/15
switchport trunk native vlan 254
switchport mode trunk
!
interface gigaethernet 1/1/16
switchport trunk native vlan 254
switchport mode trunk
!
interface gigaethernet 1/1/17
switchport trunk native vlan 254
switchport mode trunk
!
interface gigaethernet 1/1/18
switchport trunk native vlan 254
switchport mode trunk
!
interface gigaethernet 1/1/19
switchport trunk native vlan 254
switchport mode trunk
!
interface gigaethernet 1/1/20
switchport trunk native vlan 254
switchport mode trunk
!
interface gigaethernet 1/1/21
switchport trunk native vlan 254
switchport mode trunk
!
interface gigaethernet 1/1/22
switchport trunk native vlan 254
switchport mode trunk
!
interface gigaethernet 1/1/23
switchport trunk native vlan 254
switchport mode trunk
!
interface gigaethernet 1/1/24
switchport trunk native vlan 254
switchport mode trunk
!
interface tengigabitethernet 1/1/25
switchport mode trunk
!
interface tengigabitethernet 1/1/26
switchport mode trunk
!
interface tengigabitethernet 1/1/27
switchport mode trunk
!
interface tengigabitethernet 1/1/28
switchport mode trunk
!
!command in isf_mode
!
!command in dhcp-pool mode
!
!command in loopback interface mode
!
interface loopback 0
!         
!command in vlan interface mode
!
interface vlan 1
ip address 172.16.1.7 255.255.255.0
!
!command in sub_interface mode
!
!command in tdm port mode
!
!command in vxlan_interface mode
!
!command in routemap_mode
!
!command in ospf_mode
!
!command in rip_mode
!
!command in keychain_mode
!
!command in iccp mode
!
!command in config_mode
ip route 0.0.0.0 0.0.0.0 172.16.1.1 
!
!command in clkmgmt_mode
!
!command in ccsp_mode
!
